info it worked if it ends with ok
verbose cli [ 'node', '/usr/local/bin/npm', 'install', 'libxml2' ]
info using npm@1.1.9
info using node@v0.6.13
verbose config file /Users/kenkoch/.npmrc
verbose config file /usr/local/etc/npmrc
verbose config file /usr/local/lib/node_modules/npm/npmrc
verbose caching /Users/kenkoch/exoapi/app/node/node_modules/mongodb/package.json
verbose has wscript [ undefined,
verbose has wscript   { file: '/Users/kenkoch/exoapi/app/node/node_modules/libxmljs/package.json',
verbose has wscript     gypfile: false,
verbose has wscript     contributors: false,
verbose has wscript     serverjs: false,
verbose has wscript     wscript: true } ]
verbose caching /Users/kenkoch/exoapi/app/node/node_modules/libxmljs/package.json
verbose cache add [ 'libxml2', null ]
silly cache add: name, spec, args [ undefined, 'libxml2', [ 'libxml2', null ] ]
verbose parsed url { pathname: 'libxml2', path: 'libxml2', href: 'libxml2' }
verbose addNamed [ 'libxml2', '' ]
verbose addNamed [ null, '' ]
silly name, range, hasData [ 'libxml2', '', false ]
verbose raw, before any munging libxml2
verbose url resolving [ 'https://registry.npmjs.org/', './libxml2' ]
verbose url resolved https://registry.npmjs.org/libxml2
http GET https://registry.npmjs.org/libxml2
http 404 https://registry.npmjs.org/libxml2
silly get cb [ 404,
silly get cb   { server: 'CouchDB/1.2.0 (Erlang OTP/R15B)',
silly get cb     date: 'Sat, 21 Apr 2012 17:15:26 GMT',
silly get cb     'content-type': 'application/json',
silly get cb     'content-length': '52',
silly get cb     'cache-control': 'must-revalidate' } ]
ERR! 404 'libxml2' is not in the npm registry.
ERR! 404 You should bug the author to publish it
ERR! 404 Note that you can also install from a
ERR! 404 tarball, folder, or http url, or git url.
ERR! 
ERR! System Darwin 10.8.0
ERR! command "node" "/usr/local/bin/npm" "install" "libxml2"
ERR! cwd /Users/kenkoch/exoapi/app/node
ERR! node -v v0.6.13
ERR! npm -v 1.1.9
ERR! code E404
ERR! message 404 Not Found: libxml2
ERR! errno {}
verbose exit [ 1, true ]
